
persistentvolume/persistent-volume-pgsql-identity created
onfigmap/identitymanagement-dbconfigs created
ervice/identitymanagement-db created
statefulset.apps/identitymanagement-db created
Wait for the service to become online...
phase: Pending
phase: Pending
phase: Pending
phase: Pending
phase: Pending
phase: Running
System ready
Initializing the database with 'dotnet ef database update'
job.batch/identitymanagement-job-initialize-db created
Wait for database initialization job to finish...
phase: Pending
phase: Pending
phase: Running
phase: Running
phase: Running
phase: Succeeded
Applying migration '20190505004232_Initial_Database'.
Done.
Deleting job
job.batch "identitymanagement-job-initialize-db" deleted
ervice/identitymanagement-db-service-nodeport created
eplicaset.apps/identitymanagement-api-service created
ervice/identitymanagement-api-service-public created
ervice/identitymanagement-api-service-nodeport created
P
